<?xml version="1.0" encoding="utf-8"?><testsuites name="pytest tests"><testsuite name="pytest" errors="0" failures="0" skipped="0" tests="58" time="7.595" timestamp="2026-03-29T16:50:03.900734+00:00" hostname="agent-env-a10cc547-529f-4121-aa96-3ffebe1666f6"><testcase classname="backend.tests.test_creabase_api.TestHealthAndBasicEndpoints" name="test_creators_endpoint_returns_list" time="0.162" /><testcase classname="backend.tests.test_creabase_api.TestHealthAndBasicEndpoints" name="test_premium_plans_endpoint" time="0.097" /><testcase classname="backend.tests.test_creabase_api.TestAuthEndpoints" name="test_auth_me_requires_authentication" time="0.125" /><testcase classname="backend.tests.test_creabase_api.TestAuthEndpoints" name="test_auth_login_requires_credentials" time="0.141" /><testcase classname="backend.tests.test_creabase_api.TestAuthEndpoints" name="test_auth_login_invalid_credentials" time="0.114" /><testcase classname="backend.tests.test_creabase_api.TestAuthEndpoints" name="test_auth_logout_requires_auth" time="0.113" /><testcase classname="backend.tests.test_creabase_api.TestCreatorEndpoints" name="test_get_creators_with_filters" time="0.326" /><testcase classname="backend.tests.test_creabase_api.TestCreatorEndpoints" name="test_get_creator_by_id_not_found" time="0.116" /><testcase classname="backend.tests.test_creabase_api.TestCreatorEndpoints" name="test_create_creator_requires_auth" time="0.099" /><testcase classname="backend.tests.test_creabase_api.TestWalletEndpoints" name="test_wallet_balance_requires_auth" time="0.110" /><testcase classname="backend.tests.test_creabase_api.TestWalletEndpoints" name="test_wallet_transactions_requires_auth" time="0.129" /><testcase classname="backend.tests.test_creabase_api.TestWalletEndpoints" name="test_wallet_topup_requires_auth" time="0.117" /><testcase classname="backend.tests.test_creabase_api.TestWalletEndpoints" name="test_wallet_payout_requires_auth" time="0.100" /><testcase classname="backend.tests.test_creabase_api.TestProjectEndpoints" name="test_projects_requires_auth" time="0.115" /><testcase classname="backend.tests.test_creabase_api.TestProjectEndpoints" name="test_create_project_requires_auth" time="0.118" /><testcase classname="backend.tests.test_creabase_api.TestProjectEndpoints" name="test_incoming_projects_requires_auth" time="0.108" /><testcase classname="backend.tests.test_creabase_api.TestProposalEndpoints" name="test_proposals_endpoint_exists" time="0.121" /><testcase classname="backend.tests.test_creabase_api.TestNotificationEndpoints" name="test_notifications_requires_auth" time="0.105" /><testcase classname="backend.tests.test_creabase_api.TestFavoritesEndpoints" name="test_favorites_requires_auth" time="0.103" /><testcase classname="backend.tests.test_creabase_api.TestFavoritesEndpoints" name="test_add_favorite_requires_auth" time="0.104" /><testcase classname="backend.tests.test_creabase_api.TestDisputeEndpoints" name="test_disputes_requires_auth" time="0.104" /><testcase classname="backend.tests.test_creabase_api.TestSubscriptionEndpoints" name="test_my_subscription_requires_auth" time="0.098" /><testcase classname="backend.tests.test_creabase_api.TestSubscriptionEndpoints" name="test_subscription_checkout_requires_auth" time="0.097" /><testcase classname="backend.tests.test_creabase_api.TestPortfolioEndpoints" name="test_get_portfolio_public" time="0.123" /><testcase classname="backend.tests.test_creabase_api.TestAdminEndpoints" name="test_admin_creators_requires_auth" time="0.099" /><testcase classname="backend.tests.test_creabase_api.TestAdminEndpoints" name="test_admin_wallets_requires_auth" time="0.135" /><testcase classname="backend.tests.test_creabase_api.TestAdminEndpoints" name="test_admin_disputes_requires_auth" time="0.116" /><testcase classname="backend.tests.test_creabase_api.TestAdminEndpoints" name="test_admin_payouts_requires_auth" time="0.101" /><testcase classname="backend.tests.test_creabase_api.TestAdminEndpoints" name="test_admin_analytics_requires_auth" time="0.100" /><testcase classname="backend.tests.test_creabase_api.TestUsageEndpoints" name="test_usage_stats_requires_auth" time="0.098" /><testcase classname="backend.tests.test_creabase_api.TestMessagesEndpoints" name="test_messages_requires_auth" time="0.120" /><testcase classname="backend.tests.test_creabase_api.TestMessagesEndpoints" name="test_conversations_requires_auth" time="0.100" /><testcase classname="backend.tests.test_creabase_api.TestFileUploadEndpoint" name="test_upload_requires_auth" time="0.105" /><testcase classname="backend.tests.test_project_lifecycle.TestAdminLogin" name="test_admin_login" time="0.323" /><testcase classname="backend.tests.test_project_lifecycle.TestAdminLogin" name="test_admin_can_access_admin_endpoints" time="0.307" /><testcase classname="backend.tests.test_project_lifecycle.TestAdminLogin" name="test_admin_can_view_users" time="0.118" /><testcase classname="backend.tests.test_project_lifecycle.TestCreateTestUsers" name="test_create_business_user_via_admin" time="0.199" /><testcase classname="backend.tests.test_project_lifecycle.TestCreateTestUsers" name="test_create_creator_via_registration" time="0.175" /><testcase classname="backend.tests.test_project_lifecycle.TestWalletOperations" name="test_admin_can_view_wallets" time="0.136" /><testcase classname="backend.tests.test_project_lifecycle.TestWalletOperations" name="test_admin_can_adjust_wallet" time="0.219" /><testcase classname="backend.tests.test_project_lifecycle.TestProjectCreationFlow" name="test_project_creation_requires_auth" time="0.103" /><testcase classname="backend.tests.test_project_lifecycle.TestProjectCreationFlow" name="test_project_creation_requires_subscription" time="0.105" /><testcase classname="backend.tests.test_project_lifecycle.TestDisputeFlow" name="test_dispute_creation_requires_auth" time="0.101" /><testcase classname="backend.tests.test_project_lifecycle.TestDisputeFlow" name="test_admin_can_view_disputes" time="0.101" /><testcase classname="backend.tests.test_project_lifecycle.TestDisputeFlow" name="test_dispute_resolution_requires_admin" time="0.097" /><testcase classname="backend.tests.test_project_lifecycle.TestProjectStatusTransitions" name="test_project_accept_requires_creator_role" time="0.125" /><testcase classname="backend.tests.test_project_lifecycle.TestProjectStatusTransitions" name="test_project_decline_requires_creator_role" time="0.101" /><testcase classname="backend.tests.test_project_lifecycle.TestProjectStatusTransitions" name="test_project_deliver_requires_creator_role" time="0.224" /><testcase classname="backend.tests.test_project_lifecycle.TestProjectStatusTransitions" name="test_project_approve_requires_business_role" time="0.125" /><testcase classname="backend.tests.test_project_lifecycle.TestWalletTopUpAndPayout" name="test_wallet_topup_requires_business_role" time="0.092" /><testcase classname="backend.tests.test_project_lifecycle.TestWalletTopUpAndPayout" name="test_wallet_payout_requires_creator_role" time="0.115" /><testcase classname="backend.tests.test_project_lifecycle.TestWalletTopUpAndPayout" name="test_admin_can_view_wallet_transactions" time="0.205" /><testcase classname="backend.tests.test_project_lifecycle.TestIncomingProjects" name="test_incoming_projects_requires_creator_role" time="0.104" /><testcase classname="backend.tests.test_project_lifecycle.TestAdminPayoutManagement" name="test_admin_can_view_payouts" time="0.098" /><testcase classname="backend.tests.test_project_lifecycle.TestAdminPayoutManagement" name="test_admin_can_view_payout_stats" time="0.090" /><testcase classname="backend.tests.test_project_lifecycle.TestEscrowSystem" name="test_escrow_created_on_project_creation" time="0.104" /><testcase classname="backend.tests.test_project_lifecycle.TestTransactionHistory" name="test_wallet_transactions_endpoint" time="0.102" /><testcase classname="backend.tests.test_project_lifecycle.TestTransactionHistory" name="test_wallet_balance_endpoint" time="0.107" /></testsuite></testsuites>