<?xml version="1.0" encoding="utf-8"?><testsuites name="pytest tests"><testsuite name="pytest" errors="0" failures="0" skipped="0" tests="14" time="3.564" timestamp="2026-03-29T11:27:36.548244+00:00" hostname="agent-env-51e7737a-fc8b-4930-8f3c-b4c0544e4b9d"><testcase classname="tests.test_auth_navigation.TestAdminLogin" name="test_admin_login_success" time="0.364" /><testcase classname="tests.test_auth_navigation.TestAdminLogin" name="test_admin_login_wrong_password" time="0.341" /><testcase classname="tests.test_auth_navigation.TestAdminLogin" name="test_admin_login_nonexistent_user" time="0.132" /><testcase classname="tests.test_auth_navigation.TestAuthSession" name="test_get_me_with_valid_session" time="0.431" /><testcase classname="tests.test_auth_navigation.TestAuthSession" name="test_get_me_without_session" time="0.098" /><testcase classname="tests.test_auth_navigation.TestAuthSession" name="test_logout" time="0.460" /><testcase classname="tests.test_auth_navigation.TestRoleUpdate" name="test_update_role_to_creator" time="0.190" /><testcase classname="tests.test_auth_navigation.TestRoleUpdate" name="test_update_role_invalid" time="0.106" /><testcase classname="tests.test_auth_navigation.TestAdminEndpoints" name="test_admin_stats" time="0.435" /><testcase classname="tests.test_auth_navigation.TestAdminEndpoints" name="test_admin_creators_list" time="0.431" /><testcase classname="tests.test_auth_navigation.TestWalletAndSubscription" name="test_get_wallet_balance" time="0.107" /><testcase classname="tests.test_auth_navigation.TestWalletAndSubscription" name="test_subscription_checkout_debits_wallet" time="0.220" /><testcase classname="tests.test_auth_navigation.TestCreatorsEndpoint" name="test_get_creators_public" time="0.091" /><testcase classname="tests.test_auth_navigation.TestCreatorsEndpoint" name="test_get_creators_with_search" time="0.094" /></testsuite></testsuites>