<?xml version="1.0" encoding="utf-8"?><testsuites name="pytest tests"><testsuite name="pytest" errors="0" failures="2" skipped="0" tests="19" time="7.002" timestamp="2026-03-29T11:53:38.260202+00:00" hostname="agent-env-51e7737a-fc8b-4930-8f3c-b4c0544e4b9d"><testcase classname="tests.test_creabase_iteration4.TestHealthAndAuth" name="test_creators_endpoint_returns_approved_creators" time="0.209" /><testcase classname="tests.test_creabase_iteration4.TestHealthAndAuth" name="test_admin_login" time="0.382" /><testcase classname="tests.test_creabase_iteration4.TestHealthAndAuth" name="test_business_login" time="0.322" /><testcase classname="tests.test_creabase_iteration4.TestHealthAndAuth" name="test_creator_login" time="0.322" /><testcase classname="tests.test_creabase_iteration4.TestBusinessDashboard" name="test_get_creators_list" time="0.411" /><testcase classname="tests.test_creabase_iteration4.TestBusinessDashboard" name="test_get_auth_me" time="0.386" /><testcase classname="tests.test_creabase_iteration4.TestBusinessDashboard" name="test_wallet_balance" time="0.366" /><testcase classname="tests.test_creabase_iteration4.TestBusinessDashboard" name="test_usage_stats" time="0.361" /><testcase classname="tests.test_creabase_iteration4.TestProjectFlow" name="test_get_projects_list" time="0.375" /><testcase classname="tests.test_creabase_iteration4.TestProjectFlow" name="test_create_project_requires_subscription" time="0.425"><failure message="assert 402 in [200, 201, 403, 400]&#10; +  where 402 = &lt;Response [402]&gt;.status_code">tests/test_creabase_iteration4.py:171: in test_create_project_requires_subscription
    assert response.status_code in [200, 201, 403, 400]
E   assert 402 in [200, 201, 403, 400]
E    +  where 402 = &lt;Response [402]&gt;.status_code</failure></testcase><testcase classname="tests.test_creabase_iteration4.TestProjectFlow" name="test_creator_incoming_projects" time="0.369" /><testcase classname="tests.test_creabase_iteration4.TestChatFlow" name="test_get_conversations" time="0.366" /><testcase classname="tests.test_creabase_iteration4.TestChatFlow" name="test_get_messages_list" time="0.366" /><testcase classname="tests.test_creabase_iteration4.TestAdminFlow" name="test_admin_stats" time="0.375" /><testcase classname="tests.test_creabase_iteration4.TestAdminFlow" name="test_admin_creators_list" time="0.380" /><testcase classname="tests.test_creabase_iteration4.TestWalletAndSubscription" name="test_wallet_balance" time="0.364" /><testcase classname="tests.test_creabase_iteration4.TestWalletAndSubscription" name="test_wallet_transactions" time="0.364"><failure message="AssertionError: assert False&#10; +  where False = isinstance({'current_balance': 5000, 'total_count': 0, 'transactions': [], 'wallet_id': 'wallet_87d14a89'}, list)">tests/test_creabase_iteration4.py:272: in test_wallet_transactions
    assert isinstance(transactions, list)
E   AssertionError: assert False
E    +  where False = isinstance({'current_balance': 5000, 'total_count': 0, 'transactions': [], 'wallet_id': 'wallet_87d14a89'}, list)</failure></testcase><testcase classname="tests.test_creabase_iteration4.TestNavigationRoutes" name="test_analytics_page_exists" time="0.378" /><testcase classname="tests.test_creabase_iteration4.TestNavigationRoutes" name="test_wallet_page_endpoint" time="0.362" /></testsuite></testsuites>